<?xml version="1.0" encoding="UTF-8"?>
<!-- Generated by org.testng.reporters.JUnitXMLReporter -->
<testsuite hostname="DESKTOP-888A2JB" ignored="0" name=" Functional Test" tests="6" failures="0" timestamp="2022-09-22T07:37:31 IST" time="0.096" errors="0">
  <testcase name="m1" time="0.008" classname="SuiteAnnotationPractice.TestCase1"/>
  <testcase name="m2" time="0.003" classname="SuiteAnnotationPractice.TestCase1"/>
  <testcase name="m3" time="0.004" classname="SuiteAnnotationPractice.TestCase1"/>
  <testcase name="m4" time="0.006" classname="SuiteAnnotationPractice.TestCase2"/>
  <testcase name="m5" time="0.003" classname="SuiteAnnotationPractice.TestCase2"/>
  <testcase name="m6" time="0.003" classname="SuiteAnnotationPractice.TestCase2"/>
</testsuite> <!--  Functional Test -->
