<?xml version="1.0" encoding="UTF-8"?>
<!-- Generated by org.testng.reporters.JUnitXMLReporter -->
<testsuite hostname="DESKTOP-888A2JB" ignored="0" name="Test" tests="6" failures="0" timestamp="2022-09-22T07:22:30 IST" time="0.271" errors="0">
  <testcase name="m1" time="0.058" classname="SuiteAnnotationPractice.TestCase1"/>
  <testcase name="m2" time="0.01" classname="SuiteAnnotationPractice.TestCase1"/>
  <testcase name="m3" time="0.012" classname="SuiteAnnotationPractice.TestCase1"/>
  <testcase name="m4" time="0.007" classname="SuiteAnnotationPractice.TestCase2"/>
  <testcase name="m5" time="0.009" classname="SuiteAnnotationPractice.TestCase2"/>
  <testcase name="m6" time="0.004" classname="SuiteAnnotationPractice.TestCase2"/>
</testsuite> <!-- Test -->
