<?xml version="1.0" encoding="UTF-8"?>
<!-- Generated by org.testng.reporters.JUnitXMLReporter -->
<testsuite hostname="DESKTOP-888A2JB" ignored="0" name=" Full Test" tests="9" failures="0" timestamp="2022-09-23T09:01:03 IST" time="0.12" errors="0">
  <testcase name="Test1" time="0.007" classname="GroupingPractice.TestCase1"/>
  <testcase name="Test2" time="0.002" classname="GroupingPractice.TestCase1"/>
  <testcase name="Test3" time="0.002" classname="GroupingPractice.TestCase1"/>
  <testcase name="Test4" time="0.002" classname="GroupingPractice.TestCase2"/>
  <testcase name="Test5" time="0.002" classname="GroupingPractice.TestCase2"/>
  <testcase name="Test6" time="0.003" classname="GroupingPractice.TestCase2"/>
  <testcase name="Test7" time="0.003" classname="GroupingPractice.TestCase3"/>
  <testcase name="Test8" time="0.002" classname="GroupingPractice.TestCase3"/>
  <testcase name="Test9" time="0.004" classname="GroupingPractice.TestCase3"/>
</testsuite> <!--  Full Test -->
