<?xml version="1.0" encoding="UTF-8"?>
<!-- Generated by org.testng.reporters.JUnitXMLReporter -->
<testsuite hostname="DESKTOP-888A2JB" ignored="0" name="Chrome Test" tests="6" failures="0" timestamp="2022-09-28T08:45:01 IST" time="7.69" errors="0">
  <testcase name="CrossBrowserTesting" time="6.929" classname="ParameterizationCrossBrowserPractice.AllBrowsers"/>
  <testcase name="VerifyCurrentUrl" time="0.038" classname="ParameterizationCrossBrowserPractice.AllBrowsers"/>
  <testcase name="VerifyPageTitle" time="0.018" classname="ParameterizationCrossBrowserPractice.AllBrowsers"/>
  <testcase name="VerifyUserNameField" time="0.25" classname="ParameterizationCrossBrowserPractice.AllBrowsers"/>
  <testcase name="VerifyPasswordField" time="0.224" classname="ParameterizationCrossBrowserPractice.AllBrowsers"/>
  <testcase name="ClickforgotPasswordLink" time="0.142" classname="ParameterizationCrossBrowserPractice.AllBrowsers"/>
</testsuite> <!-- Chrome Test -->
