<?xml version="1.0" encoding="UTF-8"?>
<!-- Generated by org.testng.reporters.JUnitXMLReporter -->
<testsuite hostname="DESKTOP-888A2JB" ignored="0" name="CrossBrowserTesting" tests="6" failures="0" timestamp="2022-09-28T08:29:50 IST" time="14.902" errors="0">
  <testcase name="CrossBrowserTesting" time="8.848" classname="ParameterizationCrossBrowserPractice.AllBrowsers"/>
  <testcase name="VerifyCurrentUrl" time="0.039" classname="ParameterizationCrossBrowserPractice.AllBrowsers"/>
  <testcase name="VerifyPageTitle" time="0.068" classname="ParameterizationCrossBrowserPractice.AllBrowsers"/>
  <testcase name="VerifyUserNameField" time="0.374" classname="ParameterizationCrossBrowserPractice.AllBrowsers"/>
  <testcase name="VerifyPasswordField" time="0.161" classname="ParameterizationCrossBrowserPractice.AllBrowsers"/>
  <testcase name="ClickforgotPasswordLink" time="5.321" classname="ParameterizationCrossBrowserPractice.AllBrowsers"/>
</testsuite> <!-- CrossBrowserTesting -->
