<?xml version="1.0" encoding="UTF-8"?>
<!-- Generated by org.testng.reporters.JUnitXMLReporter -->
<testsuite hostname="DESKTOP-888A2JB" ignored="0" name="Firefox Test" tests="6" failures="0" timestamp="2022-09-28T08:45:09 IST" time="16.6" errors="0">
  <testcase name="CrossBrowserTesting" time="10.682" classname="ParameterizationCrossBrowserPractice.AllBrowsers"/>
  <testcase name="VerifyCurrentUrl" time="0.016" classname="ParameterizationCrossBrowserPractice.AllBrowsers"/>
  <testcase name="VerifyPageTitle" time="0.014" classname="ParameterizationCrossBrowserPractice.AllBrowsers"/>
  <testcase name="VerifyUserNameField" time="0.176" classname="ParameterizationCrossBrowserPractice.AllBrowsers"/>
  <testcase name="VerifyPasswordField" time="0.259" classname="ParameterizationCrossBrowserPractice.AllBrowsers"/>
  <testcase name="ClickforgotPasswordLink" time="5.384" classname="ParameterizationCrossBrowserPractice.AllBrowsers"/>
</testsuite> <!-- Firefox Test -->
