<?xml version="1.0" encoding="UTF-8"?>
<testng-results skipped="0" failed="0" ignored="0" total="2" passed="2">
  <reporter-output>
    <line>
      <![CDATA[VerifyFacebookLoginPageLogo]]>
    </line>
    <line>
      <![CDATA[VerifyFacebookLoginPageTagline]]>
    </line>
    <line>
      <![CDATA[VerifyFacebookLoginPageCreateNewAccountBtn]]>
    </line>
    <line>
      <![CDATA[VerifyFacebookLoginPageForgotPasswordLink]]>
    </line>
    <line>
      <![CDATA[VerifyFacebookLoginPageFooterlinksSize]]>
    </line>
    <line>
      <![CDATA[SetFacebookLoginPageUsername]]>
    </line>
    <line>
      <![CDATA[SetFacebookLoginPagePassword]]>
    </line>
    <line>
      <![CDATA[ClickFacebookLoginPageLoginBtn]]>
    </line>
  </reporter-output>
  <suite name=" Functional Suite" duration-ms="15609" started-at="2022-10-01T09:24:49 IST" finished-at="2022-10-01T09:25:05 IST">
    <groups>
    </groups>
    <test name=" Functional Test" duration-ms="15609" started-at="2022-10-01T09:24:49 IST" finished-at="2022-10-01T09:25:05 IST">
      <class name="PomWithPageFactoryPractice.RegistrationTest">
        <test-method status="PASS" signature="setup()[pri:0, instance:PomWithPageFactoryPractice.RegistrationTest@4f970963]" name="setup" is-config="true" duration-ms="5464" started-at="2022-10-01T09:24:49 IST" finished-at="2022-10-01T09:24:55 IST">
          <reporter-output>
          </reporter-output>
        </test-method> <!-- setup -->
        <test-method status="PASS" signature="FacebookRegistrationPageTest_Positive()[pri:0, instance:PomWithPageFactoryPractice.RegistrationTest@4f970963]" name="FacebookRegistrationPageTest_Positive" duration-ms="4444" started-at="2022-10-01T09:24:55 IST" finished-at="2022-10-01T09:24:59 IST">
          <reporter-output>
          </reporter-output>
        </test-method> <!-- FacebookRegistrationPageTest_Positive -->
        <test-method status="PASS" signature="teardown()[pri:0, instance:PomWithPageFactoryPractice.RegistrationTest@4f970963]" name="teardown" is-config="true" duration-ms="0" started-at="2022-10-01T09:24:59 IST" finished-at="2022-10-01T09:24:59 IST">
          <reporter-output>
          </reporter-output>
        </test-method> <!-- teardown -->
      </class> <!-- PomWithPageFactoryPractice.RegistrationTest -->
      <class name="PomWithPageFactoryPractice.LoginTest">
        <test-method status="PASS" signature="setup()[pri:0, instance:PomWithPageFactoryPractice.LoginTest@61f8bee4]" name="setup" is-config="true" duration-ms="4074" started-at="2022-10-01T09:24:59 IST" finished-at="2022-10-01T09:25:03 IST">
          <reporter-output>
          </reporter-output>
        </test-method> <!-- setup -->
        <test-method status="PASS" signature="FacebookLoginPageTest()[pri:0, instance:PomWithPageFactoryPractice.LoginTest@61f8bee4]" name="FacebookLoginPageTest" duration-ms="1552" started-at="2022-10-01T09:25:03 IST" finished-at="2022-10-01T09:25:05 IST">
          <reporter-output>
            <line>
              <![CDATA[VerifyFacebookLoginPageLogo]]>
            </line>
            <line>
              <![CDATA[VerifyFacebookLoginPageTagline]]>
            </line>
            <line>
              <![CDATA[VerifyFacebookLoginPageCreateNewAccountBtn]]>
            </line>
            <line>
              <![CDATA[VerifyFacebookLoginPageForgotPasswordLink]]>
            </line>
            <line>
              <![CDATA[VerifyFacebookLoginPageFooterlinksSize]]>
            </line>
            <line>
              <![CDATA[SetFacebookLoginPageUsername]]>
            </line>
            <line>
              <![CDATA[SetFacebookLoginPagePassword]]>
            </line>
            <line>
              <![CDATA[ClickFacebookLoginPageLoginBtn]]>
            </line>
          </reporter-output>
        </test-method> <!-- FacebookLoginPageTest -->
        <test-method status="PASS" signature="teardown()[pri:0, instance:PomWithPageFactoryPractice.LoginTest@61f8bee4]" name="teardown" is-config="true" duration-ms="0" started-at="2022-10-01T09:25:05 IST" finished-at="2022-10-01T09:25:05 IST">
          <reporter-output>
          </reporter-output>
        </test-method> <!-- teardown -->
      </class> <!-- PomWithPageFactoryPractice.LoginTest -->
    </test> <!--  Functional Test -->
  </suite> <!--  Functional Suite -->
</testng-results>
