<?xml version="1.0" encoding="UTF-8"?>
<!-- Generated by org.testng.reporters.JUnitXMLReporter -->
<testsuite hostname="DESKTOP-888A2JB" ignored="0" name="CrossBrowserTesting" tests="6" failures="1" timestamp="2022-09-28T08:18:56 IST" time="5.956" errors="0">
  <testcase name="ClickLoginButton" time="0.029" classname="ParameterizationCrossBrowserPractice.AllBrowsers">
    <failure type="java.lang.NullPointerException">
      <![CDATA[java.lang.NullPointerException
at ParameterizationCrossBrowserPractice.AllBrowsers.ClickLoginButton(AllBrowsers.java:60)
at java.util.ArrayList.forEach(Unknown Source)
... Removed 27 stack frames]]>
    </failure>
  </testcase> <!-- ClickLoginButton -->
  <testcase name="CrossBrowserTesting" time="5.247" classname="ParameterizationCrossBrowserPractice.AllBrowsers"/>
  <testcase name="VerifyCurrentUrl" time="0.073" classname="ParameterizationCrossBrowserPractice.AllBrowsers"/>
  <testcase name="VerifyPageTitle" time="0.014" classname="ParameterizationCrossBrowserPractice.AllBrowsers"/>
  <testcase name="VerifyPasswordField" time="0.291" classname="ParameterizationCrossBrowserPractice.AllBrowsers"/>
  <testcase name="VerifyUserNameField" time="0.2" classname="ParameterizationCrossBrowserPractice.AllBrowsers"/>
</testsuite> <!-- CrossBrowserTesting -->
